<?xml version="1.0" encoding="UTF-8"?>
<testsuite xmlns:xsi="http://www.w3.org/2001/XMLSchema-instance" xsi:noNamespaceSchemaLocation="https://maven.apache.org/surefire/maven-surefire-plugin/xsd/surefire-test-report.xsd" name="com.alibou.security.SecurityApplicationTests" time="8.549" tests="1" errors="0" skipped="1" failures="0">
  <properties>
    <property name="java.specification.version" value="17"/>
    <property name="sun.jnu.encoding" value="UTF-8"/>
    <property name="java.class.path" value="/Users/narayansoni/Downloads/spring-boot-3-jwt-security/target/test-classes:/Users/narayansoni/Downloads/spring-boot-3-jwt-security/target/classes:/Users/narayansoni/.m2/repository/org/springframework/boot/spring-boot-starter-data-jpa/3.0.5/spring-boot-starter-data-jpa-3.0.5.jar:/Users/narayansoni/.m2/repository/org/springframework/boot/spring-boot-starter-aop/3.0.5/spring-boot-starter-aop-3.0.5.jar:/Users/narayansoni/.m2/repository/org/aspectj/aspectjweaver/1.9.19/aspectjweaver-1.9.19.jar:/Users/narayansoni/.m2/repository/org/springframework/boot/spring-boot-starter-jdbc/3.0.5/spring-boot-starter-jdbc-3.0.5.jar:/Users/narayansoni/.m2/repository/com/zaxxer/HikariCP/5.0.1/HikariCP-5.0.1.jar:/Users/narayansoni/.m2/repository/org/springframework/spring-jdbc/6.0.7/spring-jdbc-6.0.7.jar:/Users/narayansoni/.m2/repository/org/hibernate/orm/hibernate-core/6.1.7.Final/hibernate-core-6.1.7.Final.jar:/Users/narayansoni/.m2/repository/jakarta/persistence/jakarta.persistence-api/3.1.0/jakarta.persistence-api-3.1.0.jar:/Users/narayansoni/.m2/repository/jakarta/transaction/jakarta.transaction-api/2.0.1/jakarta.transaction-api-2.0.1.jar:/Users/narayansoni/.m2/repository/org/jboss/logging/jboss-logging/3.5.0.Final/jboss-logging-3.5.0.Final.jar:/Users/narayansoni/.m2/repository/org/hibernate/common/hibernate-commons-annotations/6.0.6.Final/hibernate-commons-annotations-6.0.6.Final.jar:/Users/narayansoni/.m2/repository/org/jboss/jandex/2.4.2.Final/jandex-2.4.2.Final.jar:/Users/narayansoni/.m2/repository/com/fasterxml/classmate/1.5.1/classmate-1.5.1.jar:/Users/narayansoni/.m2/repository/net/bytebuddy/byte-buddy/1.12.23/byte-buddy-1.12.23.jar:/Users/narayansoni/.m2/repository/org/glassfish/jaxb/jaxb-runtime/4.0.2/jaxb-runtime-4.0.2.jar:/Users/narayansoni/.m2/repository/org/glassfish/jaxb/jaxb-core/4.0.2/jaxb-core-4.0.2.jar:/Users/narayansoni/.m2/repository/org/eclipse/angus/angus-activation/2.0.0/angus-activation-2.0.0.jar:/Users/narayansoni/.m2/repository/org/glassfish/jaxb/txw2/4.0.2/txw2-4.0.2.jar:/Users/narayansoni/.m2/repository/com/sun/istack/istack-commons-runtime/4.1.1/istack-commons-runtime-4.1.1.jar:/Users/narayansoni/.m2/repository/jakarta/inject/jakarta.inject-api/2.0.0/jakarta.inject-api-2.0.0.jar:/Users/narayansoni/.m2/repository/org/antlr/antlr4-runtime/4.10.1/antlr4-runtime-4.10.1.jar:/Users/narayansoni/.m2/repository/org/springframework/data/spring-data-jpa/3.0.4/spring-data-jpa-3.0.4.jar:/Users/narayansoni/.m2/repository/org/springframework/data/spring-data-commons/3.0.4/spring-data-commons-3.0.4.jar:/Users/narayansoni/.m2/repository/org/springframework/spring-orm/6.0.7/spring-orm-6.0.7.jar:/Users/narayansoni/.m2/repository/org/springframework/spring-context/6.0.7/spring-context-6.0.7.jar:/Users/narayansoni/.m2/repository/org/springframework/spring-tx/6.0.7/spring-tx-6.0.7.jar:/Users/narayansoni/.m2/repository/org/springframework/spring-beans/6.0.7/spring-beans-6.0.7.jar:/Users/narayansoni/.m2/repository/jakarta/annotation/jakarta.annotation-api/2.1.1/jakarta.annotation-api-2.1.1.jar:/Users/narayansoni/.m2/repository/org/slf4j/slf4j-api/2.0.7/slf4j-api-2.0.7.jar:/Users/narayansoni/.m2/repository/org/springframework/spring-aspects/6.0.7/spring-aspects-6.0.7.jar:/Users/narayansoni/.m2/repository/org/springframework/boot/spring-boot-starter-security/3.0.5/spring-boot-starter-security-3.0.5.jar:/Users/narayansoni/.m2/repository/org/springframework/boot/spring-boot-starter/3.0.5/spring-boot-starter-3.0.5.jar:/Users/narayansoni/.m2/repository/org/springframework/boot/spring-boot/3.0.5/spring-boot-3.0.5.jar:/Users/narayansoni/.m2/repository/org/springframework/boot/spring-boot-autoconfigure/3.0.5/spring-boot-autoconfigure-3.0.5.jar:/Users/narayansoni/.m2/repository/org/springframework/boot/spring-boot-starter-logging/3.0.5/spring-boot-starter-logging-3.0.5.jar:/Users/narayansoni/.m2/repository/ch/qos/logback/logback-classic/1.4.6/logback-classic-1.4.6.jar:/Users/narayansoni/.m2/repository/ch/qos/logback/logback-core/1.4.6/logback-core-1.4.6.jar:/Users/narayansoni/.m2/repository/org/apache/logging/log4j/log4j-to-slf4j/2.19.0/log4j-to-slf4j-2.19.0.jar:/Users/narayansoni/.m2/repository/org/apache/logging/log4j/log4j-api/2.19.0/log4j-api-2.19.0.jar:/Users/narayansoni/.m2/repository/org/slf4j/jul-to-slf4j/2.0.7/jul-to-slf4j-2.0.7.jar:/Users/narayansoni/.m2/repository/org/yaml/snakeyaml/1.33/snakeyaml-1.33.jar:/Users/narayansoni/.m2/repository/org/springframework/spring-aop/6.0.7/spring-aop-6.0.7.jar:/Users/narayansoni/.m2/repository/org/springframework/security/spring-security-config/6.0.2/spring-security-config-6.0.2.jar:/Users/narayansoni/.m2/repository/org/springframework/security/spring-security-web/6.0.2/spring-security-web-6.0.2.jar:/Users/narayansoni/.m2/repository/org/springframework/spring-expression/6.0.7/spring-expression-6.0.7.jar:/Users/narayansoni/.m2/repository/org/springframework/boot/spring-boot-starter-web/3.0.5/spring-boot-starter-web-3.0.5.jar:/Users/narayansoni/.m2/repository/org/springframework/boot/spring-boot-starter-json/3.0.5/spring-boot-starter-json-3.0.5.jar:/Users/narayansoni/.m2/repository/com/fasterxml/jackson/datatype/jackson-datatype-jdk8/2.14.2/jackson-datatype-jdk8-2.14.2.jar:/Users/narayansoni/.m2/repository/com/fasterxml/jackson/datatype/jackson-datatype-jsr310/2.14.2/jackson-datatype-jsr310-2.14.2.jar:/Users/narayansoni/.m2/repository/com/fasterxml/jackson/module/jackson-module-parameter-names/2.14.2/jackson-module-parameter-names-2.14.2.jar:/Users/narayansoni/.m2/repository/org/springframework/boot/spring-boot-starter-tomcat/3.0.5/spring-boot-starter-tomcat-3.0.5.jar:/Users/narayansoni/.m2/repository/org/apache/tomcat/embed/tomcat-embed-core/10.1.7/tomcat-embed-core-10.1.7.jar:/Users/narayansoni/.m2/repository/org/apache/tomcat/embed/tomcat-embed-websocket/10.1.7/tomcat-embed-websocket-10.1.7.jar:/Users/narayansoni/.m2/repository/org/springframework/spring-web/6.0.7/spring-web-6.0.7.jar:/Users/narayansoni/.m2/repository/io/micrometer/micrometer-observation/1.10.5/micrometer-observation-1.10.5.jar:/Users/narayansoni/.m2/repository/io/micrometer/micrometer-commons/1.10.5/micrometer-commons-1.10.5.jar:/Users/narayansoni/.m2/repository/org/springframework/spring-webmvc/6.0.7/spring-webmvc-6.0.7.jar:/Users/narayansoni/.m2/repository/org/postgresql/postgresql/42.5.4/postgresql-42.5.4.jar:/Users/narayansoni/.m2/repository/org/checkerframework/checker-qual/3.5.0/checker-qual-3.5.0.jar:/Users/narayansoni/.m2/repository/org/projectlombok/lombok/1.18.26/lombok-1.18.26.jar:/Users/narayansoni/.m2/repository/io/jsonwebtoken/jjwt-api/0.11.5/jjwt-api-0.11.5.jar:/Users/narayansoni/.m2/repository/io/jsonwebtoken/jjwt-impl/0.11.5/jjwt-impl-0.11.5.jar:/Users/narayansoni/.m2/repository/io/jsonwebtoken/jjwt-jackson/0.11.5/jjwt-jackson-0.11.5.jar:/Users/narayansoni/.m2/repository/com/fasterxml/jackson/core/jackson-databind/2.14.2/jackson-databind-2.14.2.jar:/Users/narayansoni/.m2/repository/com/fasterxml/jackson/core/jackson-annotations/2.14.2/jackson-annotations-2.14.2.jar:/Users/narayansoni/.m2/repository/com/fasterxml/jackson/core/jackson-core/2.14.2/jackson-core-2.14.2.jar:/Users/narayansoni/.m2/repository/org/springdoc/springdoc-openapi-starter-webmvc-ui/2.1.0/springdoc-openapi-starter-webmvc-ui-2.1.0.jar:/Users/narayansoni/.m2/repository/org/springdoc/springdoc-openapi-starter-webmvc-api/2.1.0/springdoc-openapi-starter-webmvc-api-2.1.0.jar:/Users/narayansoni/.m2/repository/org/springdoc/springdoc-openapi-starter-common/2.1.0/springdoc-openapi-starter-common-2.1.0.jar:/Users/narayansoni/.m2/repository/io/swagger/core/v3/swagger-core-jakarta/2.2.9/swagger-core-jakarta-2.2.9.jar:/Users/narayansoni/.m2/repository/org/apache/commons/commons-lang3/3.12.0/commons-lang3-3.12.0.jar:/Users/narayansoni/.m2/repository/io/swagger/core/v3/swagger-annotations-jakarta/2.2.9/swagger-annotations-jakarta-2.2.9.jar:/Users/narayansoni/.m2/repository/io/swagger/core/v3/swagger-models-jakarta/2.2.9/swagger-models-jakarta-2.2.9.jar:/Users/narayansoni/.m2/repository/com/fasterxml/jackson/dataformat/jackson-dataformat-yaml/2.14.2/jackson-dataformat-yaml-2.14.2.jar:/Users/narayansoni/.m2/repository/org/webjars/swagger-ui/4.18.2/swagger-ui-4.18.2.jar:/Users/narayansoni/.m2/repository/org/springframework/boot/spring-boot-starter-validation/3.0.5/spring-boot-starter-validation-3.0.5.jar:/Users/narayansoni/.m2/repository/org/apache/tomcat/embed/tomcat-embed-el/10.1.7/tomcat-embed-el-10.1.7.jar:/Users/narayansoni/.m2/repository/org/hibernate/validator/hibernate-validator/8.0.0.Final/hibernate-validator-8.0.0.Final.jar:/Users/narayansoni/.m2/repository/jakarta/validation/jakarta.validation-api/3.0.2/jakarta.validation-api-3.0.2.jar:/Users/narayansoni/.m2/repository/org/springframework/boot/spring-boot-starter-test/3.0.5/spring-boot-starter-test-3.0.5.jar:/Users/narayansoni/.m2/repository/org/springframework/boot/spring-boot-test/3.0.5/spring-boot-test-3.0.5.jar:/Users/narayansoni/.m2/repository/org/springframework/boot/spring-boot-test-autoconfigure/3.0.5/spring-boot-test-autoconfigure-3.0.5.jar:/Users/narayansoni/.m2/repository/com/jayway/jsonpath/json-path/2.7.0/json-path-2.7.0.jar:/Users/narayansoni/.m2/repository/net/minidev/json-smart/2.4.10/json-smart-2.4.10.jar:/Users/narayansoni/.m2/repository/net/minidev/accessors-smart/2.4.9/accessors-smart-2.4.9.jar:/Users/narayansoni/.m2/repository/org/ow2/asm/asm/9.3/asm-9.3.jar:/Users/narayansoni/.m2/repository/jakarta/xml/bind/jakarta.xml.bind-api/4.0.0/jakarta.xml.bind-api-4.0.0.jar:/Users/narayansoni/.m2/repository/jakarta/activation/jakarta.activation-api/2.1.1/jakarta.activation-api-2.1.1.jar:/Users/narayansoni/.m2/repository/org/assertj/assertj-core/3.23.1/assertj-core-3.23.1.jar:/Users/narayansoni/.m2/repository/org/hamcrest/hamcrest/2.2/hamcrest-2.2.jar:/Users/narayansoni/.m2/repository/org/junit/jupiter/junit-jupiter/5.9.2/junit-jupiter-5.9.2.jar:/Users/narayansoni/.m2/repository/org/junit/jupiter/junit-jupiter-api/5.9.2/junit-jupiter-api-5.9.2.jar:/Users/narayansoni/.m2/repository/org/opentest4j/opentest4j/1.2.0/opentest4j-1.2.0.jar:/Users/narayansoni/.m2/repository/org/junit/platform/junit-platform-commons/1.9.2/junit-platform-commons-1.9.2.jar:/Users/narayansoni/.m2/repository/org/apiguardian/apiguardian-api/1.1.2/apiguardian-api-1.1.2.jar:/Users/narayansoni/.m2/repository/org/junit/jupiter/junit-jupiter-params/5.9.2/junit-jupiter-params-5.9.2.jar:/Users/narayansoni/.m2/repository/org/junit/jupiter/junit-jupiter-engine/5.9.2/junit-jupiter-engine-5.9.2.jar:/Users/narayansoni/.m2/repository/org/junit/platform/junit-platform-engine/1.9.2/junit-platform-engine-1.9.2.jar:/Users/narayansoni/.m2/repository/org/mockito/mockito-core/4.8.1/mockito-core-4.8.1.jar:/Users/narayansoni/.m2/repository/net/bytebuddy/byte-buddy-agent/1.12.23/byte-buddy-agent-1.12.23.jar:/Users/narayansoni/.m2/repository/org/objenesis/objenesis/3.2/objenesis-3.2.jar:/Users/narayansoni/.m2/repository/org/mockito/mockito-junit-jupiter/4.8.1/mockito-junit-jupiter-4.8.1.jar:/Users/narayansoni/.m2/repository/org/skyscreamer/jsonassert/1.5.1/jsonassert-1.5.1.jar:/Users/narayansoni/.m2/repository/com/vaadin/external/google/android-json/0.0.20131108.vaadin1/android-json-0.0.20131108.vaadin1.jar:/Users/narayansoni/.m2/repository/org/springframework/spring-core/6.0.7/spring-core-6.0.7.jar:/Users/narayansoni/.m2/repository/org/springframework/spring-jcl/6.0.7/spring-jcl-6.0.7.jar:/Users/narayansoni/.m2/repository/org/springframework/spring-test/6.0.7/spring-test-6.0.7.jar:/Users/narayansoni/.m2/repository/org/xmlunit/xmlunit-core/2.9.1/xmlunit-core-2.9.1.jar:/Users/narayansoni/.m2/repository/org/springframework/security/spring-security-test/6.0.2/spring-security-test-6.0.2.jar:/Users/narayansoni/.m2/repository/org/springframework/security/spring-security-core/6.0.2/spring-security-core-6.0.2.jar:/Users/narayansoni/.m2/repository/org/springframework/security/spring-security-crypto/6.0.2/spring-security-crypto-6.0.2.jar:"/>
    <property name="java.vm.vendor" value="JetBrains s.r.o."/>
    <property name="sun.arch.data.model" value="64"/>
    <property name="java.vendor.url" value="https://openjdk.java.net/"/>
    <property name="os.name" value="Mac OS X"/>
    <property name="java.vm.specification.version" value="17"/>
    <property name="sun.java.launcher" value="SUN_STANDARD"/>
    <property name="user.country" value="US"/>
    <property name="sun.boot.library.path" value="/private/var/folders/hs/hjzq7kwn4s520s_1x6p3brj00000gn/T/AppTranslocation/25987845-331A-496B-B4D1-86460AE24D19/d/IntelliJ IDEA CE.app/Contents/jbr/Contents/Home/lib"/>
    <property name="sun.java.command" value="/Users/narayansoni/Downloads/spring-boot-3-jwt-security/target/surefire/surefirebooter4850112326504075295.jar /Users/narayansoni/Downloads/spring-boot-3-jwt-security/target/surefire 2023-07-29T12-59-29_711-jvmRun1 surefire13129098728482104810tmp surefire_013210002343133259329tmp"/>
    <property name="http.nonProxyHosts" value="local|*.local|169.254/16|*.169.254/16"/>
    <property name="jdk.debug" value="release"/>
    <property name="surefire.test.class.path" value="/Users/narayansoni/Downloads/spring-boot-3-jwt-security/target/test-classes:/Users/narayansoni/Downloads/spring-boot-3-jwt-security/target/classes:/Users/narayansoni/.m2/repository/org/springframework/boot/spring-boot-starter-data-jpa/3.0.5/spring-boot-starter-data-jpa-3.0.5.jar:/Users/narayansoni/.m2/repository/org/springframework/boot/spring-boot-starter-aop/3.0.5/spring-boot-starter-aop-3.0.5.jar:/Users/narayansoni/.m2/repository/org/aspectj/aspectjweaver/1.9.19/aspectjweaver-1.9.19.jar:/Users/narayansoni/.m2/repository/org/springframework/boot/spring-boot-starter-jdbc/3.0.5/spring-boot-starter-jdbc-3.0.5.jar:/Users/narayansoni/.m2/repository/com/zaxxer/HikariCP/5.0.1/HikariCP-5.0.1.jar:/Users/narayansoni/.m2/repository/org/springframework/spring-jdbc/6.0.7/spring-jdbc-6.0.7.jar:/Users/narayansoni/.m2/repository/org/hibernate/orm/hibernate-core/6.1.7.Final/hibernate-core-6.1.7.Final.jar:/Users/narayansoni/.m2/repository/jakarta/persistence/jakarta.persistence-api/3.1.0/jakarta.persistence-api-3.1.0.jar:/Users/narayansoni/.m2/repository/jakarta/transaction/jakarta.transaction-api/2.0.1/jakarta.transaction-api-2.0.1.jar:/Users/narayansoni/.m2/repository/org/jboss/logging/jboss-logging/3.5.0.Final/jboss-logging-3.5.0.Final.jar:/Users/narayansoni/.m2/repository/org/hibernate/common/hibernate-commons-annotations/6.0.6.Final/hibernate-commons-annotations-6.0.6.Final.jar:/Users/narayansoni/.m2/repository/org/jboss/jandex/2.4.2.Final/jandex-2.4.2.Final.jar:/Users/narayansoni/.m2/repository/com/fasterxml/classmate/1.5.1/classmate-1.5.1.jar:/Users/narayansoni/.m2/repository/net/bytebuddy/byte-buddy/1.12.23/byte-buddy-1.12.23.jar:/Users/narayansoni/.m2/repository/org/glassfish/jaxb/jaxb-runtime/4.0.2/jaxb-runtime-4.0.2.jar:/Users/narayansoni/.m2/repository/org/glassfish/jaxb/jaxb-core/4.0.2/jaxb-core-4.0.2.jar:/Users/narayansoni/.m2/repository/org/eclipse/angus/angus-activation/2.0.0/angus-activation-2.0.0.jar:/Users/narayansoni/.m2/repository/org/glassfish/jaxb/txw2/4.0.2/txw2-4.0.2.jar:/Users/narayansoni/.m2/repository/com/sun/istack/istack-commons-runtime/4.1.1/istack-commons-runtime-4.1.1.jar:/Users/narayansoni/.m2/repository/jakarta/inject/jakarta.inject-api/2.0.0/jakarta.inject-api-2.0.0.jar:/Users/narayansoni/.m2/repository/org/antlr/antlr4-runtime/4.10.1/antlr4-runtime-4.10.1.jar:/Users/narayansoni/.m2/repository/org/springframework/data/spring-data-jpa/3.0.4/spring-data-jpa-3.0.4.jar:/Users/narayansoni/.m2/repository/org/springframework/data/spring-data-commons/3.0.4/spring-data-commons-3.0.4.jar:/Users/narayansoni/.m2/repository/org/springframework/spring-orm/6.0.7/spring-orm-6.0.7.jar:/Users/narayansoni/.m2/repository/org/springframework/spring-context/6.0.7/spring-context-6.0.7.jar:/Users/narayansoni/.m2/repository/org/springframework/spring-tx/6.0.7/spring-tx-6.0.7.jar:/Users/narayansoni/.m2/repository/org/springframework/spring-beans/6.0.7/spring-beans-6.0.7.jar:/Users/narayansoni/.m2/repository/jakarta/annotation/jakarta.annotation-api/2.1.1/jakarta.annotation-api-2.1.1.jar:/Users/narayansoni/.m2/repository/org/slf4j/slf4j-api/2.0.7/slf4j-api-2.0.7.jar:/Users/narayansoni/.m2/repository/org/springframework/spring-aspects/6.0.7/spring-aspects-6.0.7.jar:/Users/narayansoni/.m2/repository/org/springframework/boot/spring-boot-starter-security/3.0.5/spring-boot-starter-security-3.0.5.jar:/Users/narayansoni/.m2/repository/org/springframework/boot/spring-boot-starter/3.0.5/spring-boot-starter-3.0.5.jar:/Users/narayansoni/.m2/repository/org/springframework/boot/spring-boot/3.0.5/spring-boot-3.0.5.jar:/Users/narayansoni/.m2/repository/org/springframework/boot/spring-boot-autoconfigure/3.0.5/spring-boot-autoconfigure-3.0.5.jar:/Users/narayansoni/.m2/repository/org/springframework/boot/spring-boot-starter-logging/3.0.5/spring-boot-starter-logging-3.0.5.jar:/Users/narayansoni/.m2/repository/ch/qos/logback/logback-classic/1.4.6/logback-classic-1.4.6.jar:/Users/narayansoni/.m2/repository/ch/qos/logback/logback-core/1.4.6/logback-core-1.4.6.jar:/Users/narayansoni/.m2/repository/org/apache/logging/log4j/log4j-to-slf4j/2.19.0/log4j-to-slf4j-2.19.0.jar:/Users/narayansoni/.m2/repository/org/apache/logging/log4j/log4j-api/2.19.0/log4j-api-2.19.0.jar:/Users/narayansoni/.m2/repository/org/slf4j/jul-to-slf4j/2.0.7/jul-to-slf4j-2.0.7.jar:/Users/narayansoni/.m2/repository/org/yaml/snakeyaml/1.33/snakeyaml-1.33.jar:/Users/narayansoni/.m2/repository/org/springframework/spring-aop/6.0.7/spring-aop-6.0.7.jar:/Users/narayansoni/.m2/repository/org/springframework/security/spring-security-config/6.0.2/spring-security-config-6.0.2.jar:/Users/narayansoni/.m2/repository/org/springframework/security/spring-security-web/6.0.2/spring-security-web-6.0.2.jar:/Users/narayansoni/.m2/repository/org/springframework/spring-expression/6.0.7/spring-expression-6.0.7.jar:/Users/narayansoni/.m2/repository/org/springframework/boot/spring-boot-starter-web/3.0.5/spring-boot-starter-web-3.0.5.jar:/Users/narayansoni/.m2/repository/org/springframework/boot/spring-boot-starter-json/3.0.5/spring-boot-starter-json-3.0.5.jar:/Users/narayansoni/.m2/repository/com/fasterxml/jackson/datatype/jackson-datatype-jdk8/2.14.2/jackson-datatype-jdk8-2.14.2.jar:/Users/narayansoni/.m2/repository/com/fasterxml/jackson/datatype/jackson-datatype-jsr310/2.14.2/jackson-datatype-jsr310-2.14.2.jar:/Users/narayansoni/.m2/repository/com/fasterxml/jackson/module/jackson-module-parameter-names/2.14.2/jackson-module-parameter-names-2.14.2.jar:/Users/narayansoni/.m2/repository/org/springframework/boot/spring-boot-starter-tomcat/3.0.5/spring-boot-starter-tomcat-3.0.5.jar:/Users/narayansoni/.m2/repository/org/apache/tomcat/embed/tomcat-embed-core/10.1.7/tomcat-embed-core-10.1.7.jar:/Users/narayansoni/.m2/repository/org/apache/tomcat/embed/tomcat-embed-websocket/10.1.7/tomcat-embed-websocket-10.1.7.jar:/Users/narayansoni/.m2/repository/org/springframework/spring-web/6.0.7/spring-web-6.0.7.jar:/Users/narayansoni/.m2/repository/io/micrometer/micrometer-observation/1.10.5/micrometer-observation-1.10.5.jar:/Users/narayansoni/.m2/repository/io/micrometer/micrometer-commons/1.10.5/micrometer-commons-1.10.5.jar:/Users/narayansoni/.m2/repository/org/springframework/spring-webmvc/6.0.7/spring-webmvc-6.0.7.jar:/Users/narayansoni/.m2/repository/org/postgresql/postgresql/42.5.4/postgresql-42.5.4.jar:/Users/narayansoni/.m2/repository/org/checkerframework/checker-qual/3.5.0/checker-qual-3.5.0.jar:/Users/narayansoni/.m2/repository/org/projectlombok/lombok/1.18.26/lombok-1.18.26.jar:/Users/narayansoni/.m2/repository/io/jsonwebtoken/jjwt-api/0.11.5/jjwt-api-0.11.5.jar:/Users/narayansoni/.m2/repository/io/jsonwebtoken/jjwt-impl/0.11.5/jjwt-impl-0.11.5.jar:/Users/narayansoni/.m2/repository/io/jsonwebtoken/jjwt-jackson/0.11.5/jjwt-jackson-0.11.5.jar:/Users/narayansoni/.m2/repository/com/fasterxml/jackson/core/jackson-databind/2.14.2/jackson-databind-2.14.2.jar:/Users/narayansoni/.m2/repository/com/fasterxml/jackson/core/jackson-annotations/2.14.2/jackson-annotations-2.14.2.jar:/Users/narayansoni/.m2/repository/com/fasterxml/jackson/core/jackson-core/2.14.2/jackson-core-2.14.2.jar:/Users/narayansoni/.m2/repository/org/springdoc/springdoc-openapi-starter-webmvc-ui/2.1.0/springdoc-openapi-starter-webmvc-ui-2.1.0.jar:/Users/narayansoni/.m2/repository/org/springdoc/springdoc-openapi-starter-webmvc-api/2.1.0/springdoc-openapi-starter-webmvc-api-2.1.0.jar:/Users/narayansoni/.m2/repository/org/springdoc/springdoc-openapi-starter-common/2.1.0/springdoc-openapi-starter-common-2.1.0.jar:/Users/narayansoni/.m2/repository/io/swagger/core/v3/swagger-core-jakarta/2.2.9/swagger-core-jakarta-2.2.9.jar:/Users/narayansoni/.m2/repository/org/apache/commons/commons-lang3/3.12.0/commons-lang3-3.12.0.jar:/Users/narayansoni/.m2/repository/io/swagger/core/v3/swagger-annotations-jakarta/2.2.9/swagger-annotations-jakarta-2.2.9.jar:/Users/narayansoni/.m2/repository/io/swagger/core/v3/swagger-models-jakarta/2.2.9/swagger-models-jakarta-2.2.9.jar:/Users/narayansoni/.m2/repository/com/fasterxml/jackson/dataformat/jackson-dataformat-yaml/2.14.2/jackson-dataformat-yaml-2.14.2.jar:/Users/narayansoni/.m2/repository/org/webjars/swagger-ui/4.18.2/swagger-ui-4.18.2.jar:/Users/narayansoni/.m2/repository/org/springframework/boot/spring-boot-starter-validation/3.0.5/spring-boot-starter-validation-3.0.5.jar:/Users/narayansoni/.m2/repository/org/apache/tomcat/embed/tomcat-embed-el/10.1.7/tomcat-embed-el-10.1.7.jar:/Users/narayansoni/.m2/repository/org/hibernate/validator/hibernate-validator/8.0.0.Final/hibernate-validator-8.0.0.Final.jar:/Users/narayansoni/.m2/repository/jakarta/validation/jakarta.validation-api/3.0.2/jakarta.validation-api-3.0.2.jar:/Users/narayansoni/.m2/repository/org/springframework/boot/spring-boot-starter-test/3.0.5/spring-boot-starter-test-3.0.5.jar:/Users/narayansoni/.m2/repository/org/springframework/boot/spring-boot-test/3.0.5/spring-boot-test-3.0.5.jar:/Users/narayansoni/.m2/repository/org/springframework/boot/spring-boot-test-autoconfigure/3.0.5/spring-boot-test-autoconfigure-3.0.5.jar:/Users/narayansoni/.m2/repository/com/jayway/jsonpath/json-path/2.7.0/json-path-2.7.0.jar:/Users/narayansoni/.m2/repository/net/minidev/json-smart/2.4.10/json-smart-2.4.10.jar:/Users/narayansoni/.m2/repository/net/minidev/accessors-smart/2.4.9/accessors-smart-2.4.9.jar:/Users/narayansoni/.m2/repository/org/ow2/asm/asm/9.3/asm-9.3.jar:/Users/narayansoni/.m2/repository/jakarta/xml/bind/jakarta.xml.bind-api/4.0.0/jakarta.xml.bind-api-4.0.0.jar:/Users/narayansoni/.m2/repository/jakarta/activation/jakarta.activation-api/2.1.1/jakarta.activation-api-2.1.1.jar:/Users/narayansoni/.m2/repository/org/assertj/assertj-core/3.23.1/assertj-core-3.23.1.jar:/Users/narayansoni/.m2/repository/org/hamcrest/hamcrest/2.2/hamcrest-2.2.jar:/Users/narayansoni/.m2/repository/org/junit/jupiter/junit-jupiter/5.9.2/junit-jupiter-5.9.2.jar:/Users/narayansoni/.m2/repository/org/junit/jupiter/junit-jupiter-api/5.9.2/junit-jupiter-api-5.9.2.jar:/Users/narayansoni/.m2/repository/org/opentest4j/opentest4j/1.2.0/opentest4j-1.2.0.jar:/Users/narayansoni/.m2/repository/org/junit/platform/junit-platform-commons/1.9.2/junit-platform-commons-1.9.2.jar:/Users/narayansoni/.m2/repository/org/apiguardian/apiguardian-api/1.1.2/apiguardian-api-1.1.2.jar:/Users/narayansoni/.m2/repository/org/junit/jupiter/junit-jupiter-params/5.9.2/junit-jupiter-params-5.9.2.jar:/Users/narayansoni/.m2/repository/org/junit/jupiter/junit-jupiter-engine/5.9.2/junit-jupiter-engine-5.9.2.jar:/Users/narayansoni/.m2/repository/org/junit/platform/junit-platform-engine/1.9.2/junit-platform-engine-1.9.2.jar:/Users/narayansoni/.m2/repository/org/mockito/mockito-core/4.8.1/mockito-core-4.8.1.jar:/Users/narayansoni/.m2/repository/net/bytebuddy/byte-buddy-agent/1.12.23/byte-buddy-agent-1.12.23.jar:/Users/narayansoni/.m2/repository/org/objenesis/objenesis/3.2/objenesis-3.2.jar:/Users/narayansoni/.m2/repository/org/mockito/mockito-junit-jupiter/4.8.1/mockito-junit-jupiter-4.8.1.jar:/Users/narayansoni/.m2/repository/org/skyscreamer/jsonassert/1.5.1/jsonassert-1.5.1.jar:/Users/narayansoni/.m2/repository/com/vaadin/external/google/android-json/0.0.20131108.vaadin1/android-json-0.0.20131108.vaadin1.jar:/Users/narayansoni/.m2/repository/org/springframework/spring-core/6.0.7/spring-core-6.0.7.jar:/Users/narayansoni/.m2/repository/org/springframework/spring-jcl/6.0.7/spring-jcl-6.0.7.jar:/Users/narayansoni/.m2/repository/org/springframework/spring-test/6.0.7/spring-test-6.0.7.jar:/Users/narayansoni/.m2/repository/org/xmlunit/xmlunit-core/2.9.1/xmlunit-core-2.9.1.jar:/Users/narayansoni/.m2/repository/org/springframework/security/spring-security-test/6.0.2/spring-security-test-6.0.2.jar:/Users/narayansoni/.m2/repository/org/springframework/security/spring-security-core/6.0.2/spring-security-core-6.0.2.jar:/Users/narayansoni/.m2/repository/org/springframework/security/spring-security-crypto/6.0.2/spring-security-crypto-6.0.2.jar:"/>
    <property name="sun.cpu.endian" value="little"/>
    <property name="user.home" value="/Users/narayansoni"/>
    <property name="user.language" value="en"/>
    <property name="java.specification.vendor" value="Oracle Corporation"/>
    <property name="java.version.date" value="2022-10-18"/>
    <property name="java.home" value="/private/var/folders/hs/hjzq7kwn4s520s_1x6p3brj00000gn/T/AppTranslocation/25987845-331A-496B-B4D1-86460AE24D19/d/IntelliJ IDEA CE.app/Contents/jbr/Contents/Home"/>
    <property name="file.separator" value="/"/>
    <property name="basedir" value="/Users/narayansoni/Downloads/spring-boot-3-jwt-security"/>
    <property name="java.vm.compressedOopsMode" value="Zero based"/>
    <property name="line.separator" value="&#10;"/>
    <property name="java.vm.specification.vendor" value="Oracle Corporation"/>
    <property name="java.specification.name" value="Java Platform API Specification"/>
    <property name="jbr.virtualization.information" value="No virtualization detected"/>
    <property name="surefire.real.class.path" value="/Users/narayansoni/Downloads/spring-boot-3-jwt-security/target/surefire/surefirebooter4850112326504075295.jar"/>
    <property name="sun.management.compiler" value="HotSpot 64-Bit Tiered Compilers"/>
    <property name="ftp.nonProxyHosts" value="local|*.local|169.254/16|*.169.254/16"/>
    <property name="java.runtime.version" value="17.0.5+1-b653.23"/>
    <property name="user.name" value="narayansoni"/>
    <property name="path.separator" value=":"/>
    <property name="os.version" value="13.4.1"/>
    <property name="java.runtime.name" value="OpenJDK Runtime Environment"/>
    <property name="file.encoding" value="UTF-8"/>
    <property name="java.vm.name" value="OpenJDK 64-Bit Server VM"/>
    <property name="java.vendor.version" value="JBR-17.0.5+1-653.23-jcef"/>
    <property name="localRepository" value="/Users/narayansoni/.m2/repository"/>
    <property name="java.vendor.url.bug" value="https://bugreport.java.com/bugreport/"/>
    <property name="java.io.tmpdir" value="/var/folders/hs/hjzq7kwn4s520s_1x6p3brj00000gn/T/"/>
    <property name="idea.version" value="2022.3.1"/>
    <property name="java.version" value="17.0.5"/>
    <property name="user.dir" value="/Users/narayansoni/Downloads/spring-boot-3-jwt-security"/>
    <property name="os.arch" value="x86_64"/>
    <property name="java.vm.specification.name" value="Java Virtual Machine Specification"/>
    <property name="native.encoding" value="UTF-8"/>
    <property name="java.library.path" value="/Users/narayansoni/Library/Java/Extensions:/Library/Java/Extensions:/Network/Library/Java/Extensions:/System/Library/Java/Extensions:/usr/lib/java:."/>
    <property name="java.vm.info" value="mixed mode"/>
    <property name="java.vendor" value="JetBrains s.r.o."/>
    <property name="java.vm.version" value="17.0.5+1-b653.23"/>
    <property name="sun.io.unicode.encoding" value="UnicodeBig"/>
    <property name="socksNonProxyHosts" value="local|*.local|169.254/16|*.169.254/16"/>
    <property name="java.class.version" value="61.0"/>
  </properties>
  <testcase name="contextLoads" classname="com.alibou.security.SecurityApplicationTests" time="0">
    <skipped message="void com.alibou.security.SecurityApplicationTests.contextLoads() is @Disabled"/>
    <system-out><![CDATA[12:59:31.288 [main] DEBUG org.springframework.boot.test.context.SpringBootTestContextBootstrapper -- Neither @ContextConfiguration nor @ContextHierarchy found for test class [SecurityApplicationTests]: using SpringBootContextLoader
12:59:31.295 [main] DEBUG org.springframework.test.context.support.AbstractContextLoader -- Could not detect default resource locations for test class [com.alibou.security.SecurityApplicationTests]: no resource found for suffixes {-context.xml, Context.groovy}.
12:59:31.296 [main] INFO org.springframework.test.context.support.AnnotationConfigContextLoaderUtils -- Could not detect default configuration classes for test class [com.alibou.security.SecurityApplicationTests]: SecurityApplicationTests does not declare any static, non-private, non-final, nested classes annotated with @Configuration.
12:59:31.326 [main] DEBUG org.springframework.boot.test.context.SpringBootTestContextBootstrapper -- Using ContextCustomizers for test class [SecurityApplicationTests]: [ExcludeFilterContextCustomizer, DuplicateJsonObjectContextCustomizer, MockitoContextCustomizer, TestRestTemplateContextCustomizer, DisableObservabilityContextCustomizer, PropertyMappingContextCustomizer, Customizer]
12:59:31.443 [main] DEBUG org.springframework.context.annotation.ClassPathScanningCandidateComponentProvider -- Identified candidate component class: file [/Users/narayansoni/Downloads/spring-boot-3-jwt-security/target/classes/com/alibou/security/SecurityApplication.class]
12:59:31.446 [main] INFO org.springframework.boot.test.context.SpringBootTestContextBootstrapper -- Found @SpringBootConfiguration com.alibou.security.SecurityApplication for test class com.alibou.security.SecurityApplicationTests
12:59:31.572 [main] DEBUG org.springframework.boot.test.context.SpringBootTestContextBootstrapper -- Using TestExecutionListeners for test class [SecurityApplicationTests]: [ServletTestExecutionListener, DirtiesContextBeforeModesTestExecutionListener, ApplicationEventsTestExecutionListener, MockitoTestExecutionListener, DependencyInjectionTestExecutionListener, DirtiesContextTestExecutionListener, TransactionalTestExecutionListener, SqlScriptsTestExecutionListener, EventPublishingTestExecutionListener, WithSecurityContextTestExecutionListener, ReactorContextTestExecutionListener, ResetMocksTestExecutionListener, RestDocsTestExecutionListener, MockRestServiceServerResetTestExecutionListener, MockMvcPrintOnlyOnFailureTestExecutionListener, WebDriverTestExecutionListener, MockWebServiceServerTestExecutionListener]
12:59:31.574 [main] DEBUG org.springframework.test.context.support.AbstractDirtiesContextTestExecutionListener -- Before test class: class [SecurityApplicationTests], class annotated with @DirtiesContext [false] with mode [null]

  .   ____          _            __ _ _
 /\\ / ___'_ __ _ _(_)_ __  __ _ \ \ \ \
( ( )\___ | '_ | '_| | '_ \/ _` | \ \ \ \
 \\/  ___)| |_)| | | | | || (_| |  ) ) ) )
  '  |____| .__|_| |_|_| |_\__, | / / / /
 =========|_|==============|___/=/_/_/_/
 :: Spring Boot ::                (v3.0.5)

2023-07-29T12:59:32.136-05:00  INFO 3459 --- [           main] c.a.security.SecurityApplicationTests    : Starting SecurityApplicationTests using Java 17.0.5 with PID 3459 (started by narayansoni in /Users/narayansoni/Downloads/spring-boot-3-jwt-security)
2023-07-29T12:59:32.142-05:00  INFO 3459 --- [           main] c.a.security.SecurityApplicationTests    : No active profile set, falling back to 1 default profile: "default"
2023-07-29T12:59:33.766-05:00  INFO 3459 --- [           main] .s.d.r.c.RepositoryConfigurationDelegate : Bootstrapping Spring Data JPA repositories in DEFAULT mode.
2023-07-29T12:59:33.860-05:00  INFO 3459 --- [           main] .s.d.r.c.RepositoryConfigurationDelegate : Finished Spring Data repository scanning in 83 ms. Found 2 JPA repository interfaces.
2023-07-29T12:59:34.980-05:00  INFO 3459 --- [           main] o.hibernate.jpa.internal.util.LogHelper  : HHH000204: Processing PersistenceUnitInfo [name: default]
2023-07-29T12:59:35.026-05:00  INFO 3459 --- [           main] org.hibernate.Version                    : HHH000412: Hibernate ORM core version 6.1.7.Final
2023-07-29T12:59:35.320-05:00  INFO 3459 --- [           main] com.zaxxer.hikari.HikariDataSource       : HikariPool-1 - Starting...
2023-07-29T12:59:35.471-05:00  INFO 3459 --- [           main] com.zaxxer.hikari.pool.HikariPool        : HikariPool-1 - Added connection org.postgresql.jdbc.PgConnection@4b98225c
2023-07-29T12:59:35.473-05:00  INFO 3459 --- [           main] com.zaxxer.hikari.HikariDataSource       : HikariPool-1 - Start completed.
2023-07-29T12:59:35.503-05:00  INFO 3459 --- [           main] SQL dialect                              : HHH000400: Using dialect: org.hibernate.dialect.PostgreSQLDialect
2023-07-29T12:59:36.498-05:00  WARN 3459 --- [           main] o.h.engine.jdbc.spi.SqlExceptionHelper   : SQL Warning Code: 0, SQLState: 00000
2023-07-29T12:59:36.499-05:00  WARN 3459 --- [           main] o.h.engine.jdbc.spi.SqlExceptionHelper   : relation "token" does not exist, skipping
2023-07-29T12:59:36.500-05:00  WARN 3459 --- [           main] o.h.engine.jdbc.spi.SqlExceptionHelper   : SQL Warning Code: 0, SQLState: 00000
2023-07-29T12:59:36.500-05:00  WARN 3459 --- [           main] o.h.engine.jdbc.spi.SqlExceptionHelper   : table "_user" does not exist, skipping
2023-07-29T12:59:36.500-05:00  WARN 3459 --- [           main] o.h.engine.jdbc.spi.SqlExceptionHelper   : SQL Warning Code: 0, SQLState: 00000
2023-07-29T12:59:36.500-05:00  WARN 3459 --- [           main] o.h.engine.jdbc.spi.SqlExceptionHelper   : table "token" does not exist, skipping
2023-07-29T12:59:36.501-05:00  WARN 3459 --- [           main] o.h.engine.jdbc.spi.SqlExceptionHelper   : SQL Warning Code: 0, SQLState: 00000
2023-07-29T12:59:36.501-05:00  WARN 3459 --- [           main] o.h.engine.jdbc.spi.SqlExceptionHelper   : sequence "_user_seq" does not exist, skipping
2023-07-29T12:59:36.502-05:00  WARN 3459 --- [           main] o.h.engine.jdbc.spi.SqlExceptionHelper   : SQL Warning Code: 0, SQLState: 00000
2023-07-29T12:59:36.502-05:00  WARN 3459 --- [           main] o.h.engine.jdbc.spi.SqlExceptionHelper   : sequence "token_seq" does not exist, skipping
2023-07-29T12:59:36.541-05:00  INFO 3459 --- [           main] o.h.e.t.j.p.i.JtaPlatformInitiator       : HHH000490: Using JtaPlatform implementation: [org.hibernate.engine.transaction.jta.platform.internal.NoJtaPlatform]
2023-07-29T12:59:36.553-05:00  INFO 3459 --- [           main] j.LocalContainerEntityManagerFactoryBean : Initialized JPA EntityManagerFactory for persistence unit 'default'
2023-07-29T12:59:38.049-05:00  WARN 3459 --- [           main] JpaBaseConfiguration$JpaWebConfiguration : spring.jpa.open-in-view is enabled by default. Therefore, database queries may be performed during view rendering. Explicitly configure spring.jpa.open-in-view to disable this warning
2023-07-29T12:59:38.576-05:00  INFO 3459 --- [           main] o.s.s.web.DefaultSecurityFilterChain     : Will secure any request with [org.springframework.security.web.session.DisableEncodeUrlFilter@a1143cc, org.springframework.security.web.context.request.async.WebAsyncManagerIntegrationFilter@62857555, org.springframework.security.web.context.SecurityContextHolderFilter@498d7c57, org.springframework.security.web.header.HeaderWriterFilter@6a40e660, org.springframework.security.web.authentication.logout.LogoutFilter@1469015e, com.alibou.security.config.JwtAuthenticationFilter@28d2afd8, org.springframework.security.web.savedrequest.RequestCacheAwareFilter@66b9f727, org.springframework.security.web.servletapi.SecurityContextHolderAwareRequestFilter@f7e004d, org.springframework.security.web.authentication.AnonymousAuthenticationFilter@48149568, org.springframework.security.web.session.SessionManagementFilter@f7a8a7b, org.springframework.security.web.access.ExceptionTranslationFilter@2b3fd4d2, org.springframework.security.web.access.intercept.AuthorizationFilter@4e24db00]
2023-07-29T12:59:39.200-05:00  INFO 3459 --- [           main] c.a.security.SecurityApplicationTests    : Started SecurityApplicationTests in 7.569 seconds (process running for 9.049)
Admin token: eyJhbGciOiJIUzI1NiJ9.eyJzdWIiOiJhZG1pbkBtYWlsLmNvbSIsImlhdCI6MTY5MDY1MzU3OSwiZXhwIjoxNjkwNzM5OTc5fQ.xiOByTKFtuashfeEWZcpJKPgp8oYeEmGuPe8WnyRr60
Manager token: eyJhbGciOiJIUzI1NiJ9.eyJzdWIiOiJtYW5hZ2VyQG1haWwuY29tIiwiaWF0IjoxNjkwNjUzNTc5LCJleHAiOjE2OTA3Mzk5Nzl9.i91CKIO5pxKMhxH16H0TmDol19D2THAVRdgKqiXpxcQ
]]></system-out>
  </testcase>
</testsuite>